v8-version,11,3,244,8,-node.17,0
v8-platform,macos,macos
new,CodeRange,0x108c00000,0
new,MemoryChunk,0x79e8ccc0000,262144
new,MemoryChunk,0x2c9977780000,262144
new,MemoryChunk,0x1d0e1b700000,262144
new,MemoryChunk,0x2b8a2cb40000,262144
new,MemoryChunk,0x296978480000,262144
heap-capacity,1030880
heap-available,4346312128
new,MemoryChunk,0x10f3741c0000,262144
new,MemoryChunk,0x2468bd340000,278528
new,MemoryChunk,0x335fa7180000,262144
new,MemoryChunk,0x311b252c0000,262144
new,MemoryChunk,0x3b87c99c0000,262144
new,MemoryChunk,0xbd684c0000,262144
new,MemoryChunk,0xe8eac9c0000,262144
new,MemoryChunk,0x23203c300000,262144
new,MemoryChunk,0x248e42c0000,262144
new,MemoryChunk,0x1999a2980000,262144
new,MemoryChunk,0x372468740000,262144
new,MemoryChunk,0x108c00000,262144
new,MemoryChunk,0x33c8d4d00000,262144
new,MemoryChunk,0x390f62fc0000,262144
new,MemoryChunk,0x2114a8280000,262144
new,MemoryChunk,0x301bf7780000,262144
new,MemoryChunk,0x1fd7b3540000,262144
new,MemoryChunk,0x1dbc1a500000,262144
new,MemoryChunk,0x2a228be00000,262144
new,MemoryChunk,0x32ee19900000,262144
new,MemoryChunk,0x2f948fb80000,262144
new,MemoryChunk,0x33be3b840000,262144
new,MemoryChunk,0x108c40000,262144
new,MemoryChunk,0x3956f0800000,262144
new,MemoryChunk,0x2bc3686c0000,262144
new,MemoryChunk,0x13a547340000,262144
new,MemoryChunk,0x3dc972d40000,262144
new,MemoryChunk,0x1a82bb580000,262144
new,MemoryChunk,0x1abfc3c40000,262144
new,MemoryChunk,0x3a3f0000000,262144
new,MemoryChunk,0x2fefa780000,262144
new,MemoryChunk,0x1d185b80000,262144
new,MemoryChunk,0x37eb24880000,262144
new,MemoryChunk,0x2e5690ec0000,262144
new,MemoryChunk,0x607e0340000,262144
new,MemoryChunk,0x1d0753fc0000,262144
new,MemoryChunk,0x17f76dcc0000,262144
new,MemoryChunk,0xb43c7840000,262144
new,MemoryChunk,0x358cbad80000,196608
new,MemoryChunk,0xc49d9c80000,262144
new,MemoryChunk,0x32d9ee0c0000,262144
new,MemoryChunk,0x3990f0280000,262144
new,MemoryChunk,0x2fa6da700000,262144
new,MemoryChunk,0xbaf25240000,262144
new,MemoryChunk,0x32432d900000,262144
new,MemoryChunk,0x1a25dbe00000,262144
new,MemoryChunk,0x15b4758c0000,262144
new,MemoryChunk,0x377e48f00000,262144
new,MemoryChunk,0x1efb98a80000,262144
new,MemoryChunk,0xfdd5d980000,262144
new,MemoryChunk,0x33a37fc80000,262144
new,MemoryChunk,0x469e2140000,262144
new,MemoryChunk,0x2536ccd00000,262144
new,MemoryChunk,0x16a1f0a80000,262144
new,MemoryChunk,0x128908700000,262144
new,MemoryChunk,0x3d86d0400000,262144
new,MemoryChunk,0x1e83d7300000,262144
new,MemoryChunk,0x376e515c0000,262144
new,MemoryChunk,0x2f9036d80000,262144
new,MemoryChunk,0x1d357c240000,262144
new,MemoryChunk,0x85448380000,262144
new,MemoryChunk,0x9ac68440000,262144
new,MemoryChunk,0xf42b1340000,262144
new,MemoryChunk,0x15b994380000,262144
new,MemoryChunk,0x31eb35840000,262144
new,MemoryChunk,0x2d5ecb540000,262144
new,MemoryChunk,0x14b783cc0000,262144
new,MemoryChunk,0x1dcc06a00000,262144
new,MemoryChunk,0x2944995c0000,262144
new,MemoryChunk,0x2f5a89040000,196608
new,MemoryChunk,0x117fc47c0000,262144
new,MemoryChunk,0x241f02c40000,262144
new,MemoryChunk,0x29edd1400000,262144
new,MemoryChunk,0x23b996bc0000,262144
new,MemoryChunk,0x260cdf000000,262144
new,MemoryChunk,0x3cb704f40000,262144
new,MemoryChunk,0x108c80000,262144
new,MemoryChunk,0x159c96e40000,262144
new,MemoryChunk,0xa0c031c0000,262144
new,MemoryChunk,0x2eea45ec0000,262144
new,MemoryChunk,0x10aca9840000,262144
new,MemoryChunk,0x531c37c0000,262144
new,MemoryChunk,0xe8c9e540000,262144
new,MemoryChunk,0x3d88d60c0000,262144
new,MemoryChunk,0x3a570ca00000,262144
new,MemoryChunk,0x203f93b00000,262144
new,MemoryChunk,0x31f4dc600000,262144
new,MemoryChunk,0x10c1b8bc0000,262144
new,MemoryChunk,0x17910d500000,262144
new,MemoryChunk,0x31fde8c00000,262144
new,MemoryChunk,0x52d54740000,262144
new,MemoryChunk,0xcca106c0000,262144
new,MemoryChunk,0x32af56a00000,262144
new,MemoryChunk,0x3431a1100000,262144
new,MemoryChunk,0x2b1ae57c0000,262144
new,MemoryChunk,0x2798ae700000,262144
new,MemoryChunk,0xfc7acb80000,262144
new,MemoryChunk,0x26e3f2340000,262144
new,MemoryChunk,0x12ccb2fc0000,262144
new,MemoryChunk,0x150cd8cc0000,262144
new,MemoryChunk,0x26779ecc0000,262144
new,MemoryChunk,0x22f9e8100000,262144
new,MemoryChunk,0x17a989440000,262144
new,MemoryChunk,0x2dbadc680000,262144
new,MemoryChunk,0x361432000000,262144
new,MemoryChunk,0x22ec41100000,262144
new,MemoryChunk,0x27b009480000,262144
new,MemoryChunk,0x190f933c0000,262144
new,MemoryChunk,0xedca1b40000,262144
new,MemoryChunk,0x2acebe740000,262144
new,MemoryChunk,0x111863ec0000,262144
new,MemoryChunk,0xb0869800000,262144
new,MemoryChunk,0x2e13ee600000,262144
delete,MemoryChunk,0x358cbad80000
delete,MemoryChunk,0x2f5a89040000
new,MemoryChunk,0x40e4f000000,262144
new,MemoryChunk,0x3d03aed00000,262144
new,MemoryChunk,0x108cc0000,212992
new,MemoryChunk,0x108d00000,262144
new,MemoryChunk,0x142220840000,262144
new,MemoryChunk,0x23513ad00000,262144
new,MemoryChunk,0x108d40000,262144
new,MemoryChunk,0x108d80000,262144
new,MemoryChunk,0x1356f7400000,262144
new,MemoryChunk,0x1bd745f00000,262144
new,MemoryChunk,0xf6d28f00000,262144
new,MemoryChunk,0x247c512c0000,262144
delete,MemoryChunk,0x32af56a00000
delete,MemoryChunk,0xcca106c0000
delete,MemoryChunk,0x52d54740000
delete,MemoryChunk,0x31fde8c00000
delete,MemoryChunk,0x17910d500000
delete,MemoryChunk,0x10c1b8bc0000
delete,MemoryChunk,0x31f4dc600000
delete,MemoryChunk,0x203f93b00000
delete,MemoryChunk,0x3a570ca00000
delete,MemoryChunk,0x3d88d60c0000
delete,MemoryChunk,0xe8c9e540000
delete,MemoryChunk,0x531c37c0000
delete,MemoryChunk,0x10aca9840000
delete,MemoryChunk,0x2eea45ec0000
delete,MemoryChunk,0xa0c031c0000
delete,MemoryChunk,0x159c96e40000
delete,MemoryChunk,0x2bc3686c0000
delete,MemoryChunk,0x1a82bb580000
delete,MemoryChunk,0x2a228be00000
delete,MemoryChunk,0x376e515c0000
delete,MemoryChunk,0x1e83d7300000
delete,MemoryChunk,0x3d86d0400000
delete,MemoryChunk,0x128908700000
delete,MemoryChunk,0x16a1f0a80000
delete,MemoryChunk,0x2536ccd00000
delete,MemoryChunk,0x469e2140000
delete,MemoryChunk,0x33a37fc80000
delete,MemoryChunk,0x13a547340000
delete,MemoryChunk,0x3d03aed00000
delete,MemoryChunk,0x40e4f000000
delete,MemoryChunk,0xedca1b40000
delete,MemoryChunk,0x190f933c0000
delete,MemoryChunk,0x27b009480000
delete,MemoryChunk,0x22ec41100000
delete,MemoryChunk,0x361432000000
delete,MemoryChunk,0x2dbadc680000
delete,MemoryChunk,0x17a989440000
delete,MemoryChunk,0x22f9e8100000
delete,MemoryChunk,0x26779ecc0000
delete,MemoryChunk,0x150cd8cc0000
delete,MemoryChunk,0x12ccb2fc0000
delete,MemoryChunk,0x26e3f2340000
delete,MemoryChunk,0xfc7acb80000
delete,MemoryChunk,0x2798ae700000
delete,MemoryChunk,0x2b1ae57c0000
delete,MemoryChunk,0x3431a1100000
delete,MemoryChunk,0x1a25dbe00000
delete,MemoryChunk,0xfdd5d980000
delete,MemoryChunk,0x1efb98a80000
delete,MemoryChunk,0x377e48f00000
delete,MemoryChunk,0x15b4758c0000
delete,MemoryChunk,0x32432d900000
delete,MemoryChunk,0xbaf25240000
delete,MemoryChunk,0x2fa6da700000
delete,MemoryChunk,0x1d185b80000
delete,MemoryChunk,0x2fefa780000
delete,MemoryChunk,0x2c9977780000
delete,MemoryChunk,0x1d0e1b700000
delete,MemoryChunk,0x296978480000
delete,MemoryChunk,0x3a3f0000000
new,MemoryChunk,0x3afa675c0000,262144
new,MemoryChunk,0x1aa177280000,262144
new,MemoryChunk,0x508153c0000,262144
delete,MemoryChunk,0x247c512c0000
delete,MemoryChunk,0x1356f7400000
delete,MemoryChunk,0x1bd745f00000
delete,MemoryChunk,0x607e0340000
delete,MemoryChunk,0x390f62fc0000
delete,MemoryChunk,0x31fde8c00000
delete,MemoryChunk,0x52d54740000
delete,MemoryChunk,0x32af56a00000
delete,MemoryChunk,0x31f4dc600000
delete,MemoryChunk,0x3d88d60c0000
delete,MemoryChunk,0x531c37c0000
delete,MemoryChunk,0x203f93b00000
delete,MemoryChunk,0x3a570ca00000
delete,MemoryChunk,0xcca106c0000
delete,MemoryChunk,0xe8c9e540000
delete,MemoryChunk,0x17910d500000
delete,MemoryChunk,0x10c1b8bc0000
