v8-version,11,3,244,8,-node.17,0
v8-platform,macos,macos
new,CodeRange,0x10a1c0000,0
new,MemoryChunk,0x3e39dfec0000,262144
new,MemoryChunk,0x7909df80000,262144
new,MemoryChunk,0x101b20840000,262144
new,MemoryChunk,0x9dc6cdc0000,262144
new,MemoryChunk,0x3f83bd140000,262144
heap-capacity,1030880
heap-available,4346312128
new,MemoryChunk,0x76ad7a00000,262144
new,MemoryChunk,0x18c14fe80000,278528
new,MemoryChunk,0x164fcb00000,262144
new,MemoryChunk,0xe33787c0000,262144
new,MemoryChunk,0x8fef9040000,262144
new,MemoryChunk,0x39add6040000,262144
new,MemoryChunk,0x1091b6500000,262144
new,MemoryChunk,0x1c43fe780000,262144
new,MemoryChunk,0x264403240000,262144
new,MemoryChunk,0x33dbe5940000,262144
new,MemoryChunk,0x19cbdbdc0000,262144
new,MemoryChunk,0x10a1c0000,262144
new,MemoryChunk,0x30a055480000,262144
new,MemoryChunk,0x252e12b00000,262144
new,MemoryChunk,0x3c15ebcc0000,262144
new,MemoryChunk,0x199e5c5c0000,262144
new,MemoryChunk,0xeee6e280000,262144
new,MemoryChunk,0x1739ed7c0000,262144
new,MemoryChunk,0x54ba4b00000,262144
new,MemoryChunk,0xeee51f80000,262144
new,MemoryChunk,0x3f477adc0000,262144
new,MemoryChunk,0x3feaf5280000,262144
new,MemoryChunk,0x10a200000,262144
new,MemoryChunk,0x2290ddf80000,262144
new,MemoryChunk,0x1272c4cc0000,262144
new,MemoryChunk,0x10cce2ec0000,262144
new,MemoryChunk,0x3e599a340000,262144
new,MemoryChunk,0x15678bf80000,262144
new,MemoryChunk,0x852d0ec0000,262144
new,MemoryChunk,0x3bf0b9400000,262144
new,MemoryChunk,0x349fea240000,262144
new,MemoryChunk,0x1a27287c0000,262144
new,MemoryChunk,0x47da1700000,262144
new,MemoryChunk,0x144d18700000,262144
new,MemoryChunk,0x889300000,262144
new,MemoryChunk,0x34f6b7e80000,262144
new,MemoryChunk,0x17c7dbc80000,262144
new,MemoryChunk,0x13405e500000,262144
new,MemoryChunk,0x18b478340000,262144
new,MemoryChunk,0x98af6400000,262144
new,MemoryChunk,0x24a42fb80000,262144
new,MemoryChunk,0x28ab2f4c0000,196608
new,MemoryChunk,0x365d67ec0000,262144
new,MemoryChunk,0x2effb1100000,262144
new,MemoryChunk,0x13cd24300000,262144
new,MemoryChunk,0x107ac2580000,262144
new,MemoryChunk,0x26a82db40000,262144
new,MemoryChunk,0x213ec4380000,262144
new,MemoryChunk,0x19de6cc80000,262144
new,MemoryChunk,0x1bc0bf2c0000,262144
new,MemoryChunk,0x3fe96a200000,262144
new,MemoryChunk,0x398290380000,262144
new,MemoryChunk,0x2b646a00000,262144
new,MemoryChunk,0x98bba880000,262144
new,MemoryChunk,0x15c91d300000,262144
new,MemoryChunk,0xdffade80000,262144
new,MemoryChunk,0x43199b00000,262144
new,MemoryChunk,0x1961c5180000,262144
new,MemoryChunk,0x393fdda80000,262144
new,MemoryChunk,0xf002c0000,262144
new,MemoryChunk,0x3fbdb15c0000,262144
new,MemoryChunk,0x1f41a0700000,262144
new,MemoryChunk,0x1ba0a9e40000,262144
new,MemoryChunk,0xb3c64b40000,262144
delete,MemoryChunk,0x28ab2f4c0000
new,MemoryChunk,0xf4c9ce40000,262144
new,MemoryChunk,0x61b33a80000,262144
new,MemoryChunk,0x6fc5bf80000,262144
new,MemoryChunk,0x17eb23880000,262144
new,MemoryChunk,0xe22b33c0000,196608
new,MemoryChunk,0x2e10b84c0000,262144
new,MemoryChunk,0xee68d2c0000,262144
new,MemoryChunk,0x3d49ce180000,262144
new,MemoryChunk,0xec603700000,262144
new,MemoryChunk,0x22f8a0a00000,262144
new,MemoryChunk,0x32ced3840000,262144
new,MemoryChunk,0xe5da3700000,262144
new,MemoryChunk,0x2b41fefc0000,262144
new,MemoryChunk,0x10a240000,262144
new,MemoryChunk,0x1f242a300000,262144
new,MemoryChunk,0x6dccb200000,262144
new,MemoryChunk,0xde1d38c0000,262144
new,MemoryChunk,0x29f99a240000,262144
new,MemoryChunk,0x3630ad480000,262144
new,MemoryChunk,0xbe384680000,262144
new,MemoryChunk,0x247554c00000,262144
new,MemoryChunk,0xb5c8c840000,262144
new,MemoryChunk,0x2817a5f80000,262144
new,MemoryChunk,0x42631c40000,262144
new,MemoryChunk,0x179819e80000,262144
new,MemoryChunk,0xa1bd2c0000,262144
new,MemoryChunk,0x33161c780000,262144
new,MemoryChunk,0x2d4569c00000,262144
new,MemoryChunk,0x21c10b580000,262144
new,MemoryChunk,0x3af643c40000,262144
new,MemoryChunk,0x39fad8480000,262144
new,MemoryChunk,0x2f9337000000,262144
new,MemoryChunk,0x2f2a7aec0000,262144
new,MemoryChunk,0x151713d40000,262144
new,MemoryChunk,0x35481ef00000,262144
new,MemoryChunk,0x3f6b772c0000,262144
new,MemoryChunk,0x3f85ba940000,262144
new,MemoryChunk,0x18ad5fd40000,262144
new,MemoryChunk,0x17e5bfdc0000,262144
new,MemoryChunk,0x3a6763740000,262144
new,MemoryChunk,0x1002b5800000,262144
new,MemoryChunk,0x7fc6e940000,262144
new,MemoryChunk,0x1b995d440000,262144
new,MemoryChunk,0xfb6bd600000,262144
new,MemoryChunk,0x260624d40000,262144
new,MemoryChunk,0x33b336dc0000,262144
new,MemoryChunk,0x2feb0440000,262144
new,MemoryChunk,0x2c50d5580000,262144
new,MemoryChunk,0x298579080000,262144
delete,MemoryChunk,0xe22b33c0000
new,MemoryChunk,0x297fc1200000,262144
new,MemoryChunk,0x47bc6580000,262144
new,MemoryChunk,0x2a82fca00000,262144
new,MemoryChunk,0x10a280000,212992
new,MemoryChunk,0x10a2c0000,262144
